0 1.06881s 0.0688125 0.00430078
1 1.11081s 0.110812 0.00665698
2 2.06881s 0.0688125 0.00886592
3 3.06881s 0.0688125 0.0083118
4 4.06881s 0.0688125 0.00779231
5 5.06881s 0.0688125 0.00730529
6 6.06881s 0.0688125 0.00684871
7 7.06881s 0.0688125 0.00642067
8 8.06881s 0.0688125 0.00601938
9 9.06881s 0.0688125 0.00564317
10 10.0688s 0.0688125 0.00529047
11 11.0688s 0.0688125 0.00495981
12 12.0688s 0.0688125 0.00464983
13 13.0688s 0.0688125 0.00435921
14 14.0688s 0.0688125 0.00408676
15 15.0688s 0.0688125 0.00383134
16 16.0688s 0.0688125 0.00359188
17 17.0688s 0.0688125 0.00336739
18 18.0688s 0.0688125 0.00315693
19 19.0688s 0.0688125 0.00295962
