0 1.06441s 0.0644062 0.00402539
1 1.07341s 0.0734062 0.0043363
2 2.06441s 0.0644063 0.00462778
3 3.06441s 0.0644063 0.00433855
4 4.06441s 0.0644063 0.00406739
5 5.06441s 0.0644063 0.00381318
6 6.06441s 0.0644063 0.00357485
7 7.06441s 0.0644063 0.00335142
8 8.06441s 0.0644062 0.00314196
9 9.06441s 0.0644062 0.00294559
10 10.0644s 0.0644062 0.00276149
11 11.0644s 0.0644062 0.0025889
12 12.0644s 0.0644062 0.00242709
13 13.0644s 0.0644062 0.0022754
14 14.0644s 0.0644062 0.00213318
15 15.0644s 0.0644062 0.00199986
16 16.0644s 0.0644063 0.00187487
17 17.0644s 0.0644063 0.00175769
18 18.0644s 0.0644063 0.00164783
19 19.0644s 0.0644063 0.00154484
