0 1.07763s 0.077625 0.00485156
1 1.25762s 0.257625 0.0157983
2 2.07762s 0.077625 0.0260609
3 3.07762s 0.077625 0.0244321
4 4.07763s 0.077625 0.0229051
5 5.07763s 0.077625 0.0214736
6 6.07763s 0.077625 0.0201315
7 7.07763s 0.077625 0.0188732
8 8.07762s 0.077625 0.0176937
9 9.07762s 0.077625 0.0165878
10 10.0776s 0.077625 0.0155511
11 11.0776s 0.077625 0.0145791
12 12.0776s 0.077625 0.0136679
13 13.0776s 0.077625 0.0128137
14 14.0776s 0.077625 0.0120128
15 15.0776s 0.077625 0.011262
16 16.0776s 0.077625 0.0105582
17 17.0776s 0.077625 0.00989827
18 18.0776s 0.077625 0.00927963
19 19.0776s 0.077625 0.00869965
